<?xml version="1.0" encoding="UTF-8"?>
<testng-results ignored="0" total="8" passed="8" failed="0" skipped="0">
  <reporter-output>
  </reporter-output>
  <suite started-at="2025-07-09T20:37:48 IST" name="Default suite" finished-at="2025-07-09T20:39:54 IST" duration-ms="126071">
    <groups>
      <group name="cucumber">
        <method signature="AbstractTestNGCucumberTests.runScenario(io.cucumber.testng.PickleWrapper,io.cucumber.testng.FeatureWrapper)[pri:0, instance:TestRunner.testRunner@5215cd9a]" name="runScenario" class="io.cucumber.testng.AbstractTestNGCucumberTests"/>
      </group> <!-- cucumber -->
    </groups>
    <test started-at="2025-07-09T20:37:48 IST" name="Default test" finished-at="2025-07-09T20:39:54 IST" duration-ms="126071">
      <class name="TestRunner.testRunner">
        <test-method is-config="true" signature="setUpClass(org.testng.ITestContext)[pri:0, instance:TestRunner.testRunner@5215cd9a]" started-at="2025-07-09T20:37:48 IST" name="setUpClass" finished-at="2025-07-09T20:37:50 IST" duration-ms="1769" status="PASS">
          <params>
            <param index="0">
              <value>
                <![CDATA[org.testng.TestRunner@18c2b4c6]]>
              </value>
            </param>
          </params>
          <reporter-output>
          </reporter-output>
        </test-method> <!-- setUpClass -->
        <test-method signature="runScenario(io.cucumber.testng.PickleWrapper,io.cucumber.testng.FeatureWrapper)[pri:0, instance:TestRunner.testRunner@5215cd9a]" started-at="2025-07-09T20:37:50 IST" name="runScenario" description="Runs Cucumber Scenarios" data-provider="scenarios" finished-at="2025-07-09T20:38:02 IST" duration-ms="12088" status="PASS">
          <params>
            <param index="0">
              <value>
                <![CDATA["Launch the URL"]]>
              </value>
            </param>
            <param index="1">
              <value>
                <![CDATA["Login Feature Validation"]]>
              </value>
            </param>
          </params>
          <reporter-output>
          </reporter-output>
        </test-method> <!-- runScenario -->
        <test-method signature="runScenario(io.cucumber.testng.PickleWrapper,io.cucumber.testng.FeatureWrapper)[pri:0, instance:TestRunner.testRunner@5215cd9a]" started-at="2025-07-09T20:38:02 IST" name="runScenario" description="Runs Cucumber Scenarios" data-provider="scenarios" finished-at="2025-07-09T20:38:09 IST" duration-ms="6910" status="PASS">
          <params>
            <param index="0">
              <value>
                <![CDATA["Login with Different Users and validatee the Login access"]]>
              </value>
            </param>
            <param index="1">
              <value>
                <![CDATA["Login Feature Validation"]]>
              </value>
            </param>
          </params>
          <reporter-output>
          </reporter-output>
        </test-method> <!-- runScenario -->
        <test-method signature="runScenario(io.cucumber.testng.PickleWrapper,io.cucumber.testng.FeatureWrapper)[pri:0, instance:TestRunner.testRunner@5215cd9a]" started-at="2025-07-09T20:38:09 IST" name="runScenario" description="Runs Cucumber Scenarios" data-provider="scenarios" finished-at="2025-07-09T20:38:51 IST" duration-ms="42024" status="PASS">
          <params>
            <param index="0">
              <value>
                <![CDATA["Login with Different Users and validatee the Login access"]]>
              </value>
            </param>
            <param index="1">
              <value>
                <![CDATA["Login Feature Validation"]]>
              </value>
            </param>
          </params>
          <reporter-output>
          </reporter-output>
        </test-method> <!-- runScenario -->
        <test-method signature="runScenario(io.cucumber.testng.PickleWrapper,io.cucumber.testng.FeatureWrapper)[pri:0, instance:TestRunner.testRunner@5215cd9a]" started-at="2025-07-09T20:38:51 IST" name="runScenario" description="Runs Cucumber Scenarios" data-provider="scenarios" finished-at="2025-07-09T20:38:56 IST" duration-ms="4800" status="PASS">
          <params>
            <param index="0">
              <value>
                <![CDATA["Login with Different Users and validatee the Login access"]]>
              </value>
            </param>
            <param index="1">
              <value>
                <![CDATA["Login Feature Validation"]]>
              </value>
            </param>
          </params>
          <reporter-output>
          </reporter-output>
        </test-method> <!-- runScenario -->
        <test-method signature="runScenario(io.cucumber.testng.PickleWrapper,io.cucumber.testng.FeatureWrapper)[pri:0, instance:TestRunner.testRunner@5215cd9a]" started-at="2025-07-09T20:38:56 IST" name="runScenario" description="Runs Cucumber Scenarios" data-provider="scenarios" finished-at="2025-07-09T20:39:42 IST" duration-ms="45694" status="PASS">
          <params>
            <param index="0">
              <value>
                <![CDATA["Login with Different Users and validatee the Login access"]]>
              </value>
            </param>
            <param index="1">
              <value>
                <![CDATA["Login Feature Validation"]]>
              </value>
            </param>
          </params>
          <reporter-output>
          </reporter-output>
        </test-method> <!-- runScenario -->
        <test-method signature="runScenario(io.cucumber.testng.PickleWrapper,io.cucumber.testng.FeatureWrapper)[pri:0, instance:TestRunner.testRunner@5215cd9a]" started-at="2025-07-09T20:39:42 IST" name="runScenario" description="Runs Cucumber Scenarios" data-provider="scenarios" finished-at="2025-07-09T20:39:46 IST" duration-ms="4394" status="PASS">
          <params>
            <param index="0">
              <value>
                <![CDATA["Login with Different Users and validatee the Login access"]]>
              </value>
            </param>
            <param index="1">
              <value>
                <![CDATA["Login Feature Validation"]]>
              </value>
            </param>
          </params>
          <reporter-output>
          </reporter-output>
        </test-method> <!-- runScenario -->
        <test-method signature="runScenario(io.cucumber.testng.PickleWrapper,io.cucumber.testng.FeatureWrapper)[pri:0, instance:TestRunner.testRunner@5215cd9a]" started-at="2025-07-09T20:39:46 IST" name="runScenario" description="Runs Cucumber Scenarios" data-provider="scenarios" finished-at="2025-07-09T20:39:50 IST" duration-ms="4254" status="PASS">
          <params>
            <param index="0">
              <value>
                <![CDATA["Login with Different Users and validatee the Login access"]]>
              </value>
            </param>
            <param index="1">
              <value>
                <![CDATA["Login Feature Validation"]]>
              </value>
            </param>
          </params>
          <reporter-output>
          </reporter-output>
        </test-method> <!-- runScenario -->
        <test-method signature="runScenario(io.cucumber.testng.PickleWrapper,io.cucumber.testng.FeatureWrapper)[pri:0, instance:TestRunner.testRunner@5215cd9a]" started-at="2025-07-09T20:39:50 IST" name="runScenario" description="Runs Cucumber Scenarios" data-provider="scenarios" finished-at="2025-07-09T20:39:54 IST" duration-ms="3891" status="PASS">
          <params>
            <param index="0">
              <value>
                <![CDATA["Login with Different Users and validatee the Login access"]]>
              </value>
            </param>
            <param index="1">
              <value>
                <![CDATA["Login Feature Validation"]]>
              </value>
            </param>
          </params>
          <reporter-output>
          </reporter-output>
        </test-method> <!-- runScenario -->
        <test-method is-config="true" signature="tearDownClass()[pri:0, instance:TestRunner.testRunner@5215cd9a]" started-at="2025-07-09T20:39:54 IST" name="tearDownClass" finished-at="2025-07-09T20:39:54 IST" duration-ms="7" status="PASS">
          <reporter-output>
          </reporter-output>
        </test-method> <!-- tearDownClass -->
      </class> <!-- TestRunner.testRunner -->
    </test> <!-- Default test -->
  </suite> <!-- Default suite -->
</testng-results>
